{"C:\\Users\\ramir\\OneDrive\\Escritorio\\topValueBrands-back\\controllers\\auth.controller.js": {"path":"C:\\Users\\ramir\\OneDrive\\Escritorio\\topValueBrands-back\\controllers\\auth.controller.js","statementMap":{"0":{"start":{"line":1,"column":16},"end":{"line":1,"column":34}},"1":{"start":{"line":2,"column":17},"end":{"line":2,"column":37}},"2":{"start":{"line":3,"column":21},"end":{"line":3,"column":52}},"3":{"start":{"line":8,"column":0},"end":{"line":29,"column":3}},"4":{"start":{"line":9,"column":53},"end":{"line":9,"column":61}},"5":{"start":{"line":11,"column":4},"end":{"line":13,"column":5}},"6":{"start":{"line":12,"column":8},"end":{"line":12,"column":148}},"7":{"start":{"line":15,"column":15},"end":{"line":15,"column":55}},"8":{"start":{"line":18,"column":4},"end":{"line":20,"column":5}},"9":{"start":{"line":19,"column":8},"end":{"line":19,"column":82}},"10":{"start":{"line":23,"column":4},"end":{"line":23,"column":68}},"11":{"start":{"line":25,"column":4},"end":{"line":28,"column":6}},"12":{"start":{"line":34,"column":0},"end":{"line":54,"column":2}},"13":{"start":{"line":35,"column":32},"end":{"line":35,"column":40}},"14":{"start":{"line":37,"column":4},"end":{"line":39,"column":5}},"15":{"start":{"line":38,"column":8},"end":{"line":38,"column":86}},"16":{"start":{"line":42,"column":15},"end":{"line":42,"column":61}},"17":{"start":{"line":44,"column":4},"end":{"line":46,"column":5}},"18":{"start":{"line":45,"column":8},"end":{"line":45,"column":77}},"19":{"start":{"line":48,"column":20},"end":{"line":48,"column":54}},"20":{"start":{"line":49,"column":4},"end":{"line":51,"column":5}},"21":{"start":{"line":50,"column":8},"end":{"line":50,"column":81}},"22":{"start":{"line":53,"column":4},"end":{"line":53,"column":43}},"23":{"start":{"line":60,"column":0},"end":{"line":68,"column":3}},"24":{"start":{"line":61,"column":15},"end":{"line":63,"column":4}},"25":{"start":{"line":64,"column":2},"end":{"line":67,"column":5}},"26":{"start":{"line":71,"column":0},"end":{"line":93,"column":3}},"27":{"start":{"line":73,"column":19},"end":{"line":73,"column":43}},"28":{"start":{"line":75,"column":21},"end":{"line":80,"column":6}},"29":{"start":{"line":82,"column":5},"end":{"line":84,"column":6}},"30":{"start":{"line":83,"column":7},"end":{"line":83,"column":29}},"31":{"start":{"line":86,"column":5},"end":{"line":92,"column":10}}},"fnMap":{"0":{"name":"(anonymous_0)","decl":{"start":{"line":8,"column":32},"end":{"line":8,"column":33}},"loc":{"start":{"line":8,"column":57},"end":{"line":29,"column":1}},"line":8},"1":{"name":"(anonymous_1)","decl":{"start":{"line":34,"column":29},"end":{"line":34,"column":30}},"loc":{"start":{"line":34,"column":54},"end":{"line":54,"column":1}},"line":34},"2":{"name":"(anonymous_2)","decl":{"start":{"line":60,"column":29},"end":{"line":60,"column":30}},"loc":{"start":{"line":60,"column":55},"end":{"line":68,"column":1}},"line":60},"3":{"name":"(anonymous_3)","decl":{"start":{"line":71,"column":28},"end":{"line":71,"column":29}},"loc":{"start":{"line":71,"column":55},"end":{"line":93,"column":2}},"line":71}},"branchMap":{"0":{"loc":{"start":{"line":11,"column":4},"end":{"line":13,"column":5}},"type":"if","locations":[{"start":{"line":11,"column":4},"end":{"line":13,"column":5}},{"start":{},"end":{}}],"line":11},"1":{"loc":{"start":{"line":18,"column":4},"end":{"line":20,"column":5}},"type":"if","locations":[{"start":{"line":18,"column":4},"end":{"line":20,"column":5}},{"start":{},"end":{}}],"line":18},"2":{"loc":{"start":{"line":37,"column":4},"end":{"line":39,"column":5}},"type":"if","locations":[{"start":{"line":37,"column":4},"end":{"line":39,"column":5}},{"start":{},"end":{}}],"line":37},"3":{"loc":{"start":{"line":37,"column":7},"end":{"line":37,"column":26}},"type":"binary-expr","locations":[{"start":{"line":37,"column":7},"end":{"line":37,"column":13}},{"start":{"line":37,"column":17},"end":{"line":37,"column":26}}],"line":37},"4":{"loc":{"start":{"line":44,"column":4},"end":{"line":46,"column":5}},"type":"if","locations":[{"start":{"line":44,"column":4},"end":{"line":46,"column":5}},{"start":{},"end":{}}],"line":44},"5":{"loc":{"start":{"line":49,"column":4},"end":{"line":51,"column":5}},"type":"if","locations":[{"start":{"line":49,"column":4},"end":{"line":51,"column":5}},{"start":{},"end":{}}],"line":49},"6":{"loc":{"start":{"line":82,"column":5},"end":{"line":84,"column":6}},"type":"if","locations":[{"start":{"line":82,"column":5},"end":{"line":84,"column":6}},{"start":{},"end":{}}],"line":82}},"s":{"0":1,"1":1,"2":1,"3":1,"4":3,"5":3,"6":1,"7":2,"8":2,"9":1,"10":1,"11":1,"12":1,"13":4,"14":4,"15":1,"16":3,"17":3,"18":1,"19":2,"20":2,"21":1,"22":1,"23":1,"24":0,"25":0,"26":1,"27":0,"28":0,"29":0,"30":0,"31":0},"f":{"0":3,"1":4,"2":0,"3":0},"b":{"0":[1,2],"1":[1,1],"2":[1,3],"3":[4,4],"4":[1,2],"5":[1,1],"6":[0,0]},"_coverageSchema":"1a1c01bbd47fc00a2c39e90264f33305004495a9","hash":"86f4074e1de96599660021a2b72008b08d576b05"}
,"C:\\Users\\ramir\\OneDrive\\Escritorio\\topValueBrands-back\\controllers\\products.controller.js": {"path":"C:\\Users\\ramir\\OneDrive\\Escritorio\\topValueBrands-back\\controllers\\products.controller.js","statementMap":{"0":{"start":{"line":1,"column":16},"end":{"line":1,"column":34}},"1":{"start":{"line":2,"column":21},"end":{"line":2,"column":52}},"2":{"start":{"line":3,"column":14},"end":{"line":3,"column":30}},"3":{"start":{"line":4,"column":17},"end":{"line":4,"column":37}},"4":{"start":{"line":5,"column":20},"end":{"line":5,"column":40}},"5":{"start":{"line":6,"column":11},"end":{"line":6,"column":24}},"6":{"start":{"line":7,"column":13},"end":{"line":7,"column":28}},"7":{"start":{"line":8,"column":27},"end":{"line":8,"column":66}},"8":{"start":{"line":9,"column":15},"end":{"line":9,"column":32}},"9":{"start":{"line":11,"column":0},"end":{"line":13,"column":2}},"10":{"start":{"line":16,"column":0},"end":{"line":40,"column":2}},"11":{"start":{"line":18,"column":4},"end":{"line":20,"column":5}},"12":{"start":{"line":19,"column":8},"end":{"line":19,"column":61}},"13":{"start":{"line":23,"column":20},"end":{"line":23,"column":89}},"14":{"start":{"line":24,"column":4},"end":{"line":26,"column":5}},"15":{"start":{"line":25,"column":8},"end":{"line":25,"column":66}},"16":{"start":{"line":28,"column":4},"end":{"line":39,"column":5}},"17":{"start":{"line":30,"column":8},"end":{"line":30,"column":55}},"18":{"start":{"line":31,"column":8},"end":{"line":31,"column":69}},"19":{"start":{"line":32,"column":8},"end":{"line":32,"column":53}},"20":{"start":{"line":33,"column":8},"end":{"line":33,"column":47}},"21":{"start":{"line":35,"column":8},"end":{"line":35,"column":29}},"22":{"start":{"line":36,"column":8},"end":{"line":36,"column":38}},"23":{"start":{"line":38,"column":8},"end":{"line":38,"column":45}},"24":{"start":{"line":43,"column":0},"end":{"line":65,"column":2}},"25":{"start":{"line":46,"column":17},"end":{"line":46,"column":67}},"26":{"start":{"line":48,"column":4},"end":{"line":50,"column":5}},"27":{"start":{"line":49,"column":8},"end":{"line":49,"column":61}},"28":{"start":{"line":53,"column":20},"end":{"line":53,"column":89}},"29":{"start":{"line":54,"column":4},"end":{"line":56,"column":5}},"30":{"start":{"line":55,"column":8},"end":{"line":55,"column":66}},"31":{"start":{"line":58,"column":4},"end":{"line":64,"column":5}},"32":{"start":{"line":59,"column":8},"end":{"line":59,"column":47}},"33":{"start":{"line":60,"column":8},"end":{"line":60,"column":29}},"34":{"start":{"line":61,"column":8},"end":{"line":61,"column":38}},"35":{"start":{"line":63,"column":8},"end":{"line":63,"column":45}},"36":{"start":{"line":67,"column":0},"end":{"line":83,"column":2}},"37":{"start":{"line":70,"column":17},"end":{"line":70,"column":67}},"38":{"start":{"line":72,"column":4},"end":{"line":74,"column":5}},"39":{"start":{"line":73,"column":8},"end":{"line":73,"column":61}},"40":{"start":{"line":76,"column":21},"end":{"line":76,"column":44}},"41":{"start":{"line":78,"column":4},"end":{"line":82,"column":6}},"42":{"start":{"line":86,"column":0},"end":{"line":110,"column":2}},"43":{"start":{"line":89,"column":17},"end":{"line":89,"column":67}},"44":{"start":{"line":90,"column":4},"end":{"line":92,"column":5}},"45":{"start":{"line":91,"column":8},"end":{"line":91,"column":61}},"46":{"start":{"line":94,"column":4},"end":{"line":108,"column":5}},"47":{"start":{"line":95,"column":82},"end":{"line":95,"column":91}},"48":{"start":{"line":96,"column":21},"end":{"line":103,"column":10}},"49":{"start":{"line":104,"column":8},"end":{"line":104,"column":46}},"50":{"start":{"line":107,"column":8},"end":{"line":107,"column":46}},"51":{"start":{"line":117,"column":0},"end":{"line":161,"column":3}},"52":{"start":{"line":118,"column":21},"end":{"line":118,"column":44}},"53":{"start":{"line":119,"column":18},"end":{"line":119,"column":22}},"54":{"start":{"line":120,"column":24},"end":{"line":120,"column":25}},"55":{"start":{"line":121,"column":16},"end":{"line":121,"column":20}},"56":{"start":{"line":122,"column":24},"end":{"line":122,"column":57}},"57":{"start":{"line":124,"column":30},"end":{"line":158,"column":5}},"58":{"start":{"line":125,"column":34},"end":{"line":125,"column":76}},"59":{"start":{"line":126,"column":8},"end":{"line":149,"column":9}},"60":{"start":{"line":127,"column":29},"end":{"line":127,"column":36}},"61":{"start":{"line":128,"column":29},"end":{"line":128,"column":152}},"62":{"start":{"line":130,"column":12},"end":{"line":147,"column":13}},"63":{"start":{"line":131,"column":33},"end":{"line":136,"column":18}},"64":{"start":{"line":137,"column":34},"end":{"line":137,"column":72}},"65":{"start":{"line":138,"column":35},"end":{"line":138,"column":65}},"66":{"start":{"line":141,"column":30},"end":{"line":141,"column":114}},"67":{"start":{"line":141,"column":55},"end":{"line":141,"column":96}},"68":{"start":{"line":144,"column":16},"end":{"line":144,"column":88}},"69":{"start":{"line":146,"column":16},"end":{"line":146,"column":54}},"70":{"start":{"line":148,"column":12},"end":{"line":148,"column":20}},"71":{"start":{"line":151,"column":8},"end":{"line":157,"column":9}},"72":{"start":{"line":154,"column":12},"end":{"line":154,"column":49}},"73":{"start":{"line":156,"column":12},"end":{"line":156,"column":31}},"74":{"start":{"line":160,"column":4},"end":{"line":160,"column":24}},"75":{"start":{"line":165,"column":0},"end":{"line":247,"column":3}},"76":{"start":{"line":168,"column":17},"end":{"line":168,"column":67}},"77":{"start":{"line":169,"column":4},"end":{"line":171,"column":5}},"78":{"start":{"line":170,"column":8},"end":{"line":170,"column":61}},"79":{"start":{"line":174,"column":24},"end":{"line":174,"column":106}},"80":{"start":{"line":176,"column":18},"end":{"line":176,"column":22}},"81":{"start":{"line":177,"column":24},"end":{"line":177,"column":25}},"82":{"start":{"line":178,"column":16},"end":{"line":178,"column":17}},"83":{"start":{"line":179,"column":24},"end":{"line":179,"column":57}},"84":{"start":{"line":181,"column":33},"end":{"line":181,"column":35}},"85":{"start":{"line":182,"column":21},"end":{"line":182,"column":22}},"86":{"start":{"line":183,"column":24},"end":{"line":183,"column":25}},"87":{"start":{"line":184,"column":24},"end":{"line":184,"column":25}},"88":{"start":{"line":186,"column":30},"end":{"line":244,"column":5}},"89":{"start":{"line":187,"column":34},"end":{"line":187,"column":79}},"90":{"start":{"line":189,"column":8},"end":{"line":229,"column":9}},"91":{"start":{"line":190,"column":29},"end":{"line":190,"column":36}},"92":{"start":{"line":191,"column":29},"end":{"line":191,"column":157}},"93":{"start":{"line":193,"column":12},"end":{"line":227,"column":13}},"94":{"start":{"line":194,"column":33},"end":{"line":199,"column":18}},"95":{"start":{"line":200,"column":35},"end":{"line":200,"column":65}},"96":{"start":{"line":201,"column":30},"end":{"line":201,"column":114}},"97":{"start":{"line":201,"column":55},"end":{"line":201,"column":96}},"98":{"start":{"line":204,"column":16},"end":{"line":204,"column":95}},"99":{"start":{"line":207,"column":16},"end":{"line":207,"column":29}},"100":{"start":{"line":209,"column":16},"end":{"line":224,"column":17}},"101":{"start":{"line":212,"column":24},"end":{"line":212,"column":30}},"102":{"start":{"line":215,"column":24},"end":{"line":215,"column":40}},"103":{"start":{"line":216,"column":24},"end":{"line":216,"column":30}},"104":{"start":{"line":219,"column":24},"end":{"line":219,"column":40}},"105":{"start":{"line":220,"column":24},"end":{"line":220,"column":30}},"106":{"start":{"line":222,"column":24},"end":{"line":222,"column":62}},"107":{"start":{"line":223,"column":24},"end":{"line":223,"column":30}},"108":{"start":{"line":226,"column":16},"end":{"line":226,"column":51}},"109":{"start":{"line":228,"column":12},"end":{"line":228,"column":20}},"110":{"start":{"line":231,"column":8},"end":{"line":243,"column":9}},"111":{"start":{"line":234,"column":12},"end":{"line":234,"column":49}},"112":{"start":{"line":236,"column":12},"end":{"line":242,"column":15}},"113":{"start":{"line":246,"column":4},"end":{"line":246,"column":24}}},"fnMap":{"0":{"name":"(anonymous_0)","decl":{"start":{"line":16,"column":45},"end":{"line":16,"column":46}},"loc":{"start":{"line":16,"column":65},"end":{"line":40,"column":1}},"line":16},"1":{"name":"(anonymous_1)","decl":{"start":{"line":43,"column":41},"end":{"line":43,"column":42}},"loc":{"start":{"line":43,"column":61},"end":{"line":65,"column":1}},"line":43},"2":{"name":"(anonymous_2)","decl":{"start":{"line":67,"column":35},"end":{"line":67,"column":36}},"loc":{"start":{"line":67,"column":55},"end":{"line":83,"column":1}},"line":67},"3":{"name":"(anonymous_3)","decl":{"start":{"line":86,"column":41},"end":{"line":86,"column":42}},"loc":{"start":{"line":86,"column":66},"end":{"line":110,"column":1}},"line":86},"4":{"name":"(anonymous_4)","decl":{"start":{"line":117,"column":45},"end":{"line":117,"column":46}},"loc":{"start":{"line":117,"column":65},"end":{"line":161,"column":1}},"line":117},"5":{"name":"(anonymous_5)","decl":{"start":{"line":124,"column":30},"end":{"line":124,"column":31}},"loc":{"start":{"line":124,"column":42},"end":{"line":158,"column":5}},"line":124},"6":{"name":"(anonymous_6)","decl":{"start":{"line":141,"column":46},"end":{"line":141,"column":47}},"loc":{"start":{"line":141,"column":55},"end":{"line":141,"column":96}},"line":141},"7":{"name":"(anonymous_7)","decl":{"start":{"line":165,"column":45},"end":{"line":165,"column":46}},"loc":{"start":{"line":165,"column":65},"end":{"line":247,"column":1}},"line":165},"8":{"name":"(anonymous_8)","decl":{"start":{"line":186,"column":30},"end":{"line":186,"column":31}},"loc":{"start":{"line":186,"column":42},"end":{"line":244,"column":5}},"line":186},"9":{"name":"(anonymous_9)","decl":{"start":{"line":201,"column":46},"end":{"line":201,"column":47}},"loc":{"start":{"line":201,"column":55},"end":{"line":201,"column":96}},"line":201}},"branchMap":{"0":{"loc":{"start":{"line":18,"column":4},"end":{"line":20,"column":5}},"type":"if","locations":[{"start":{"line":18,"column":4},"end":{"line":20,"column":5}},{"start":{},"end":{}}],"line":18},"1":{"loc":{"start":{"line":24,"column":4},"end":{"line":26,"column":5}},"type":"if","locations":[{"start":{"line":24,"column":4},"end":{"line":26,"column":5}},{"start":{},"end":{}}],"line":24},"2":{"loc":{"start":{"line":48,"column":4},"end":{"line":50,"column":5}},"type":"if","locations":[{"start":{"line":48,"column":4},"end":{"line":50,"column":5}},{"start":{},"end":{}}],"line":48},"3":{"loc":{"start":{"line":54,"column":4},"end":{"line":56,"column":5}},"type":"if","locations":[{"start":{"line":54,"column":4},"end":{"line":56,"column":5}},{"start":{},"end":{}}],"line":54},"4":{"loc":{"start":{"line":72,"column":4},"end":{"line":74,"column":5}},"type":"if","locations":[{"start":{"line":72,"column":4},"end":{"line":74,"column":5}},{"start":{},"end":{}}],"line":72},"5":{"loc":{"start":{"line":90,"column":4},"end":{"line":92,"column":5}},"type":"if","locations":[{"start":{"line":90,"column":4},"end":{"line":92,"column":5}},{"start":{},"end":{}}],"line":90},"6":{"loc":{"start":{"line":95,"column":16},"end":{"line":95,"column":24}},"type":"default-arg","locations":[{"start":{"line":95,"column":23},"end":{"line":95,"column":24}}],"line":95},"7":{"loc":{"start":{"line":95,"column":26},"end":{"line":95,"column":36}},"type":"default-arg","locations":[{"start":{"line":95,"column":34},"end":{"line":95,"column":36}}],"line":95},"8":{"loc":{"start":{"line":95,"column":38},"end":{"line":95,"column":52}},"type":"default-arg","locations":[{"start":{"line":95,"column":48},"end":{"line":95,"column":52}}],"line":95},"9":{"loc":{"start":{"line":95,"column":54},"end":{"line":95,"column":68}},"type":"default-arg","locations":[{"start":{"line":95,"column":63},"end":{"line":95,"column":68}}],"line":95},"10":{"loc":{"start":{"line":97,"column":18},"end":{"line":97,"column":35}},"type":"cond-expr","locations":[{"start":{"line":97,"column":26},"end":{"line":97,"column":31}},{"start":{"line":97,"column":34},"end":{"line":97,"column":35}}],"line":97},"11":{"loc":{"start":{"line":98,"column":19},"end":{"line":98,"column":38}},"type":"cond-expr","locations":[{"start":{"line":98,"column":28},"end":{"line":98,"column":34}},{"start":{"line":98,"column":37},"end":{"line":98,"column":38}}],"line":98},"12":{"loc":{"start":{"line":141,"column":30},"end":{"line":141,"column":114}},"type":"binary-expr","locations":[{"start":{"line":141,"column":30},"end":{"line":141,"column":97}},{"start":{"line":141,"column":101},"end":{"line":141,"column":114}}],"line":141},"13":{"loc":{"start":{"line":141,"column":55},"end":{"line":141,"column":96}},"type":"binary-expr","locations":[{"start":{"line":141,"column":55},"end":{"line":141,"column":73}},{"start":{"line":141,"column":77},"end":{"line":141,"column":96}}],"line":141},"14":{"loc":{"start":{"line":151,"column":8},"end":{"line":157,"column":9}},"type":"if","locations":[{"start":{"line":151,"column":8},"end":{"line":157,"column":9}},{"start":{"line":155,"column":15},"end":{"line":157,"column":9}}],"line":151},"15":{"loc":{"start":{"line":169,"column":4},"end":{"line":171,"column":5}},"type":"if","locations":[{"start":{"line":169,"column":4},"end":{"line":171,"column":5}},{"start":{},"end":{}}],"line":169},"16":{"loc":{"start":{"line":174,"column":55},"end":{"line":174,"column":103}},"type":"binary-expr","locations":[{"start":{"line":174,"column":55},"end":{"line":174,"column":78}},{"start":{"line":174,"column":82},"end":{"line":174,"column":103}}],"line":174},"17":{"loc":{"start":{"line":201,"column":30},"end":{"line":201,"column":114}},"type":"binary-expr","locations":[{"start":{"line":201,"column":30},"end":{"line":201,"column":97}},{"start":{"line":201,"column":101},"end":{"line":201,"column":114}}],"line":201},"18":{"loc":{"start":{"line":201,"column":55},"end":{"line":201,"column":96}},"type":"binary-expr","locations":[{"start":{"line":201,"column":55},"end":{"line":201,"column":73}},{"start":{"line":201,"column":77},"end":{"line":201,"column":96}}],"line":201},"19":{"loc":{"start":{"line":209,"column":16},"end":{"line":224,"column":17}},"type":"switch","locations":[{"start":{"line":210,"column":20},"end":{"line":212,"column":30}},{"start":{"line":213,"column":20},"end":{"line":216,"column":30}},{"start":{"line":217,"column":20},"end":{"line":220,"column":30}},{"start":{"line":221,"column":20},"end":{"line":223,"column":30}}],"line":209},"20":{"loc":{"start":{"line":231,"column":8},"end":{"line":243,"column":9}},"type":"if","locations":[{"start":{"line":231,"column":8},"end":{"line":243,"column":9}},{"start":{"line":235,"column":15},"end":{"line":243,"column":9}}],"line":231}},"s":{"0":1,"1":1,"2":1,"3":1,"4":1,"5":1,"6":1,"7":1,"8":1,"9":1,"10":1,"11":3,"12":1,"13":2,"14":2,"15":1,"16":1,"17":1,"18":1,"19":1,"20":1,"21":1,"22":1,"23":0,"24":1,"25":0,"26":0,"27":0,"28":0,"29":0,"30":0,"31":0,"32":0,"33":0,"34":0,"35":0,"36":1,"37":0,"38":0,"39":0,"40":0,"41":0,"42":1,"43":2,"44":2,"45":1,"46":1,"47":1,"48":1,"49":1,"50":0,"51":1,"52":0,"53":0,"54":0,"55":0,"56":0,"57":0,"58":0,"59":0,"60":0,"61":0,"62":0,"63":0,"64":0,"65":0,"66":0,"67":0,"68":0,"69":0,"70":0,"71":0,"72":0,"73":0,"74":0,"75":1,"76":0,"77":0,"78":0,"79":0,"80":0,"81":0,"82":0,"83":0,"84":0,"85":0,"86":0,"87":0,"88":0,"89":0,"90":0,"91":0,"92":0,"93":0,"94":0,"95":0,"96":0,"97":0,"98":0,"99":0,"100":0,"101":0,"102":0,"103":0,"104":0,"105":0,"106":0,"107":0,"108":0,"109":0,"110":0,"111":0,"112":0,"113":0},"f":{"0":3,"1":0,"2":0,"3":2,"4":0,"5":0,"6":0,"7":0,"8":0,"9":0},"b":{"0":[1,2],"1":[1,1],"2":[0,0],"3":[0,0],"4":[0,0],"5":[1,1],"6":[0],"7":[0],"8":[0],"9":[0],"10":[1,0],"11":[1,0],"12":[0,0],"13":[0,0],"14":[0,0],"15":[0,0],"16":[0,0],"17":[0,0],"18":[0,0],"19":[0,0,0,0],"20":[0,0]},"_coverageSchema":"1a1c01bbd47fc00a2c39e90264f33305004495a9","hash":"aef8b472412c55d732b4d6040bdc3996cb1d3233"}
,"C:\\Users\\ramir\\OneDrive\\Escritorio\\topValueBrands-back\\middlewares\\async.js": {"path":"C:\\Users\\ramir\\OneDrive\\Escritorio\\topValueBrands-back\\middlewares\\async.js","statementMap":{"0":{"start":{"line":1,"column":21},"end":{"line":2,"column":49}},"1":{"start":{"line":1,"column":27},"end":{"line":2,"column":49}},"2":{"start":{"line":2,"column":2},"end":{"line":2,"column":49}},"3":{"start":{"line":4,"column":0},"end":{"line":4,"column":30}}},"fnMap":{"0":{"name":"(anonymous_0)","decl":{"start":{"line":1,"column":21},"end":{"line":1,"column":22}},"loc":{"start":{"line":1,"column":27},"end":{"line":2,"column":49}},"line":1},"1":{"name":"(anonymous_1)","decl":{"start":{"line":1,"column":27},"end":{"line":1,"column":28}},"loc":{"start":{"line":2,"column":2},"end":{"line":2,"column":49}},"line":2}},"branchMap":{},"s":{"0":2,"1":9,"2":12,"3":2},"f":{"0":9,"1":12},"b":{},"_coverageSchema":"1a1c01bbd47fc00a2c39e90264f33305004495a9","hash":"e05bd40f5aad80c0e778a468f48624c98e9d2639"}
,"C:\\Users\\ramir\\OneDrive\\Escritorio\\topValueBrands-back\\models\\index.js": {"path":"C:\\Users\\ramir\\OneDrive\\Escritorio\\topValueBrands-back\\models\\index.js","statementMap":{"0":{"start":{"line":3,"column":11},"end":{"line":3,"column":24}},"1":{"start":{"line":4,"column":13},"end":{"line":4,"column":28}},"2":{"start":{"line":5,"column":18},"end":{"line":5,"column":38}},"3":{"start":{"line":6,"column":16},"end":{"line":6,"column":34}},"4":{"start":{"line":7,"column":17},"end":{"line":7,"column":42}},"5":{"start":{"line":8,"column":12},"end":{"line":8,"column":49}},"6":{"start":{"line":9,"column":15},"end":{"line":9,"column":65}},"7":{"start":{"line":10,"column":11},"end":{"line":10,"column":13}},"8":{"start":{"line":13,"column":0},"end":{"line":17,"column":1}},"9":{"start":{"line":14,"column":2},"end":{"line":14,"column":74}},"10":{"start":{"line":16,"column":2},"end":{"line":16,"column":87}},"11":{"start":{"line":19,"column":0},"end":{"line":32,"column":5}},"12":{"start":{"line":22,"column":4},"end":{"line":27,"column":6}},"13":{"start":{"line":30,"column":18},"end":{"line":30,"column":85}},"14":{"start":{"line":31,"column":4},"end":{"line":31,"column":27}},"15":{"start":{"line":34,"column":0},"end":{"line":38,"column":3}},"16":{"start":{"line":35,"column":2},"end":{"line":37,"column":3}},"17":{"start":{"line":36,"column":4},"end":{"line":36,"column":32}},"18":{"start":{"line":40,"column":0},"end":{"line":40,"column":25}},"19":{"start":{"line":41,"column":0},"end":{"line":41,"column":25}},"20":{"start":{"line":43,"column":0},"end":{"line":43,"column":20}}},"fnMap":{"0":{"name":"(anonymous_0)","decl":{"start":{"line":21,"column":10},"end":{"line":21,"column":11}},"loc":{"start":{"line":21,"column":18},"end":{"line":28,"column":3}},"line":21},"1":{"name":"(anonymous_1)","decl":{"start":{"line":29,"column":11},"end":{"line":29,"column":12}},"loc":{"start":{"line":29,"column":19},"end":{"line":32,"column":3}},"line":29},"2":{"name":"(anonymous_2)","decl":{"start":{"line":34,"column":24},"end":{"line":34,"column":25}},"loc":{"start":{"line":34,"column":37},"end":{"line":38,"column":1}},"line":34}},"branchMap":{"0":{"loc":{"start":{"line":8,"column":12},"end":{"line":8,"column":49}},"type":"binary-expr","locations":[{"start":{"line":8,"column":12},"end":{"line":8,"column":32}},{"start":{"line":8,"column":36},"end":{"line":8,"column":49}}],"line":8},"1":{"loc":{"start":{"line":13,"column":0},"end":{"line":17,"column":1}},"type":"if","locations":[{"start":{"line":13,"column":0},"end":{"line":17,"column":1}},{"start":{"line":15,"column":7},"end":{"line":17,"column":1}}],"line":13},"2":{"loc":{"start":{"line":23,"column":6},"end":{"line":26,"column":37}},"type":"binary-expr","locations":[{"start":{"line":23,"column":6},"end":{"line":23,"column":29}},{"start":{"line":24,"column":6},"end":{"line":24,"column":23}},{"start":{"line":25,"column":6},"end":{"line":25,"column":30}},{"start":{"line":26,"column":6},"end":{"line":26,"column":37}}],"line":23},"3":{"loc":{"start":{"line":35,"column":2},"end":{"line":37,"column":3}},"type":"if","locations":[{"start":{"line":35,"column":2},"end":{"line":37,"column":3}},{"start":{},"end":{}}],"line":35}},"s":{"0":2,"1":2,"2":2,"3":2,"4":2,"5":2,"6":2,"7":2,"8":2,"9":0,"10":2,"11":2,"12":6,"13":4,"14":4,"15":2,"16":4,"17":4,"18":2,"19":2,"20":2},"f":{"0":6,"1":4,"2":4},"b":{"0":[2,0],"1":[0,2],"2":[6,6,4,4],"3":[4,0]},"_coverageSchema":"1a1c01bbd47fc00a2c39e90264f33305004495a9","hash":"0caec1ec1f594e4e5351bac96e16189257b549c1"}
,"C:\\Users\\ramir\\OneDrive\\Escritorio\\topValueBrands-back\\models\\product.js": {"path":"C:\\Users\\ramir\\OneDrive\\Escritorio\\topValueBrands-back\\models\\product.js","statementMap":{"0":{"start":{"line":4,"column":4},"end":{"line":4,"column":24}},"1":{"start":{"line":5,"column":0},"end":{"line":32,"column":2}},"2":{"start":{"line":11,"column":1},"end":{"line":30,"column":4}},"3":{"start":{"line":31,"column":1},"end":{"line":31,"column":16}}},"fnMap":{"0":{"name":"(anonymous_0)","decl":{"start":{"line":5,"column":17},"end":{"line":5,"column":18}},"loc":{"start":{"line":5,"column":43},"end":{"line":32,"column":1}},"line":5},"1":{"name":"(anonymous_1)","decl":{"start":{"line":7,"column":4},"end":{"line":7,"column":5}},"loc":{"start":{"line":7,"column":29},"end":{"line":9,"column":5}},"line":7}},"branchMap":{},"s":{"0":2,"1":2,"2":2,"3":2},"f":{"0":2,"1":2},"b":{},"_coverageSchema":"1a1c01bbd47fc00a2c39e90264f33305004495a9","hash":"baa643f44f2c3ad42f679c8f765e4f2b59f1c5e5"}
,"C:\\Users\\ramir\\OneDrive\\Escritorio\\topValueBrands-back\\models\\user.js": {"path":"C:\\Users\\ramir\\OneDrive\\Escritorio\\topValueBrands-back\\models\\user.js","statementMap":{"0":{"start":{"line":2,"column":12},"end":{"line":2,"column":35}},"1":{"start":{"line":3,"column":15},"end":{"line":3,"column":34}},"2":{"start":{"line":6,"column":4},"end":{"line":6,"column":24}},"3":{"start":{"line":8,"column":0},"end":{"line":53,"column":2}},"4":{"start":{"line":19,"column":6},"end":{"line":21,"column":9}},"5":{"start":{"line":25,"column":6},"end":{"line":30,"column":7}},"6":{"start":{"line":26,"column":24},"end":{"line":26,"column":88}},"7":{"start":{"line":27,"column":8},"end":{"line":27,"column":23}},"8":{"start":{"line":29,"column":8},"end":{"line":29,"column":21}},"9":{"start":{"line":33,"column":2},"end":{"line":51,"column":5}},"10":{"start":{"line":45,"column":8},"end":{"line":48,"column":9}},"11":{"start":{"line":46,"column":23},"end":{"line":46,"column":47}},"12":{"start":{"line":47,"column":10},"end":{"line":47,"column":65}},"13":{"start":{"line":52,"column":2},"end":{"line":52,"column":14}}},"fnMap":{"0":{"name":"(anonymous_0)","decl":{"start":{"line":8,"column":17},"end":{"line":8,"column":18}},"loc":{"start":{"line":8,"column":43},"end":{"line":53,"column":1}},"line":8},"1":{"name":"(anonymous_1)","decl":{"start":{"line":15,"column":4},"end":{"line":15,"column":5}},"loc":{"start":{"line":15,"column":29},"end":{"line":17,"column":5}},"line":15},"2":{"name":"(anonymous_2)","decl":{"start":{"line":18,"column":4},"end":{"line":18,"column":5}},"loc":{"start":{"line":18,"column":24},"end":{"line":22,"column":5}},"line":18},"3":{"name":"(anonymous_3)","decl":{"start":{"line":24,"column":4},"end":{"line":24,"column":5}},"loc":{"start":{"line":24,"column":35},"end":{"line":31,"column":5}},"line":24},"4":{"name":"(anonymous_4)","decl":{"start":{"line":43,"column":20},"end":{"line":43,"column":21}},"loc":{"start":{"line":43,"column":45},"end":{"line":49,"column":7}},"line":43}},"branchMap":{"0":{"loc":{"start":{"line":45,"column":8},"end":{"line":48,"column":9}},"type":"if","locations":[{"start":{"line":45,"column":8},"end":{"line":48,"column":9}},{"start":{},"end":{}}],"line":45}},"s":{"0":2,"1":2,"2":2,"3":2,"4":0,"5":2,"6":2,"7":2,"8":0,"9":2,"10":1,"11":1,"12":1,"13":2},"f":{"0":2,"1":2,"2":0,"3":2,"4":1},"b":{"0":[1,0]},"_coverageSchema":"1a1c01bbd47fc00a2c39e90264f33305004495a9","hash":"76f396fca0cf89f67374020d6846c4eb054dc187"}
,"C:\\Users\\ramir\\OneDrive\\Escritorio\\topValueBrands-back\\services\\products.service.js": {"path":"C:\\Users\\ramir\\OneDrive\\Escritorio\\topValueBrands-back\\services\\products.service.js","statementMap":{"0":{"start":{"line":1,"column":20},"end":{"line":1,"column":40}},"1":{"start":{"line":2,"column":13},"end":{"line":2,"column":33}},"2":{"start":{"line":4,"column":0},"end":{"line":52,"column":1}},"3":{"start":{"line":5,"column":58},"end":{"line":51,"column":4}},"4":{"start":{"line":6,"column":4},"end":{"line":50,"column":4}},"5":{"start":{"line":8,"column":22},"end":{"line":11,"column":7}},"6":{"start":{"line":13,"column":20},"end":{"line":13,"column":22}},"7":{"start":{"line":15,"column":6},"end":{"line":28,"column":7}},"8":{"start":{"line":16,"column":8},"end":{"line":27,"column":9}},"9":{"start":{"line":30,"column":6},"end":{"line":32,"column":7}},"10":{"start":{"line":31,"column":8},"end":{"line":31,"column":43}},"11":{"start":{"line":34,"column":19},"end":{"line":37,"column":8}},"12":{"start":{"line":40,"column":18},"end":{"line":44,"column":7}},"13":{"start":{"line":46,"column":6},"end":{"line":46,"column":19}},"14":{"start":{"line":49,"column":6},"end":{"line":49,"column":44}}},"fnMap":{"0":{"name":"(anonymous_0)","decl":{"start":{"line":5,"column":11},"end":{"line":5,"column":12}},"loc":{"start":{"line":5,"column":58},"end":{"line":51,"column":4}},"line":5},"1":{"name":"(anonymous_1)","decl":{"start":{"line":5,"column":70},"end":{"line":5,"column":71}},"loc":{"start":{"line":5,"column":97},"end":{"line":51,"column":3}},"line":5}},"branchMap":{"0":{"loc":{"start":{"line":15,"column":6},"end":{"line":28,"column":7}},"type":"if","locations":[{"start":{"line":15,"column":6},"end":{"line":28,"column":7}},{"start":{},"end":{}}],"line":15},"1":{"loc":{"start":{"line":30,"column":6},"end":{"line":32,"column":7}},"type":"if","locations":[{"start":{"line":30,"column":6},"end":{"line":32,"column":7}},{"start":{},"end":{}}],"line":30}},"s":{"0":1,"1":1,"2":1,"3":1,"4":1,"5":1,"6":1,"7":1,"8":0,"9":1,"10":1,"11":1,"12":1,"13":1,"14":0},"f":{"0":1,"1":1},"b":{"0":[0,1],"1":[1,0]},"_coverageSchema":"1a1c01bbd47fc00a2c39e90264f33305004495a9","hash":"e65cc190cb9b0ce7079e6a72345151d1e87d604f"}
}
